1559970880716	mozrunner::runner	INFO	Running command: "D:\\Program Files\\Mozilla Firefox\\firefox.exe" "-marionette" "-foreground" "-no-remote" "-profile" "C:\\Users\\30371\\AppData\\Local\\Temp\\rust_mozprofile.zFjwqZpev1R9"
1559970881740	addons.webextension.screenshots@mozilla.org	WARN	Loading extension 'screenshots@mozilla.org': Reading manifest: Invalid extension permission: mozillaAddons
1559970881740	addons.webextension.screenshots@mozilla.org	WARN	Loading extension 'screenshots@mozilla.org': Reading manifest: Invalid extension permission: resource://pdf.js/
1559970881740	addons.webextension.screenshots@mozilla.org	WARN	Loading extension 'screenshots@mozilla.org': Reading manifest: Invalid extension permission: about:reader*
1559970883715	Marionette	INFO	Listening on port 53824
1559970884224	Marionette	WARN	TLS certificate errors will be ignored for this session
1559970890175	Marionette	INFO	Stopped listening on port 53824
[Child 20360, Chrome_ChildThread] WARNING: pipe error: 109: file z:/build/build/src/ipc/chromium/src/chrome/common/ipc_channel_win.cc, line 332
[Child 14384, C[hChrome_ChildThread] WARNING: pipe error: 109: file z:/build/build/src/ipc/chromium/src/chrome/common/ipc_channel_win.cc, line 332
[Child 8468, Chrome_ChildThread] WARNING: pipe error: 109: file z:/build/build/src/ipc/chromium/src/chrome/common/ipc_channel_win.cc, line 332
[Child 84
###!!! [Child][RunMessage] Error: Channel closing: too late to send/recv, messages will be lost

[GPU 604, Ch
###!!! [Child][MessageChannel::SendAndWait] Error: Channel error: cannot send/recv

: pipe error: 109: file z:/build/build/src/ipc/chromium/src/chrome/common/ipc_channel_win.cc, line 332
[Chil[
###!!! [Child][MessageChannel::SendAndWait] Error: Channel error: cannot send/recv

r: 109: file z:/build/build/src/ipc/chromium/src/chrome/common/ipc_channel_win.cc, line 332
[Child 161558322954317	Marionette	INFO	Stopped listening on port 52225

###!!! [Child][RunMessage] Error: Channel closing: too late to send/recv, messages will be lost

[GPU 2268
###!!! [Child][MessageChannel::SendAndWait] Error: Channel error: cannot send/recv

hannel::SendAndWait] Error: Channel error: cannot send/recv

584,26350&wd=sele&req=2&csor=4&pwd=sel&cb=jQuery110207323705628201318_1557825730836&_=1557825730841, line 1: TypeError: jQuery110207323705628201318_1557825730836 is not a function
JavaScript error: https://m.baidu.com/sugrec?pre=1&p=3&ie=utf-8&json=1&prod=wise&from=pc_web&sugsid=1434,28939,28777,21078,28519,28768,28720,28963,28838,28584,26350&wd=selen&req=2&csor=5&pwd=sele&cb=jQuery110207323705628201318_1557825730836&_=1557825730842, line 1: TypeError: jQuery110207323705628201318_1557825730836 is not a function
JavaScript error: https://ss1.bdstatic.com/5eN1bjq8AAUYm2zgoY3K/r/www/cache/static/protocol/https/jquery/jquery-1.10.2.min_65682a2.js, line 52: Error: Syntax error, unrecognized expression: .c-container /deep/ .c-container
JavaScript error: https://ss1.bdstatic.com/5eN1bjq8AAUYm2zgoY3K/r/www/cache/static/protocol/https/jquery/jquery-1.10.2.min_65682a2.js, line 52: Error: Syntax error, unrecognized expression: .c-container /deep/ .c-container
JavaScript error: https://ss1.bdstatic.com/5eN1bjq8AAUYm2zgoY3K/r/www/cache/static/protocol/https/jquery/jquery-1.10.2.min_65682a2.js, line 52: Error: Syntax error, unrecognized expression: .c-container /deep/ .c-container
1557825749655	Marionette	INFO	Stopped listening on port 59123
JavaScript error: https://ss1.bdstatic.com/5eN1bjq8AAUYm2zgoY3K/r/www/cache/static/protocol/https/jquery/jquery-1.10.2.min_65682a2.js, line 52: Error: Syntax error, unrecognized expression: .c-container /deep/ .c-container
[Child 25528, Chrome_ChildThread] WARNING: pipe error: 109: file z:/build/build/src/ipc/chromium/src/chrome/common/ipc_channel_win.cc, line 332
[Child[Child 24908, Chrome_ChildThread] WARNING: pipe error: 232: file z:/build/build/src/ipc/chromium/src/chrome/common/ipc_channel_win.cc, line 493
[Child 24908, Ch
###!!! [Child][RunMessage] Error: Channel closing: too late to send/recv, messages will be lost

[GPU 3
###!!! [Child][MessageChannel::SendAndWait] Error: Channel error: cannot send/recv

changes failed: NetworkError when attempting to fetch resource..
  Stack:
    remoteSettingsFunction/remoteSettings.pollChanges@resource://services-settings/remote-settings.js:190:13

JavaScript error: https://ss1.bdstatic.com/5eN1bjq8AAUYm2zgoY3K/r/www/cache/static/protocol/https/jquery/jquery-1.10.2.min_65682a2.js, line 52: Error: Syntax error, unrecognized expression: .c-container /deep/ .c-container
1557825456470	Marionette	INFO	Stopped listening on port 58846
[Parent 5568, Gecko_IOThread] WARNING: pipe error: 109: file z:/build/build/src/ipc/chromium/src/chrome/common/ipc_channel_win.cc, line 332
[Child 23308, Chrome_ChildThread] WARNING: pipe error: 109: file z:/build/build/src/ipc/chromium/src/chrome/common/ipc_channel_win.cc, line 332
[Child 23308, C[Child 18476, Chrome_ChildThread] WARNING: pipe error: 109: file z:/build/build/src/ipc/chromium/src/chrome/common/ipc_channel_win.cc, line 332
[Child 18
###!!! [Child][RunMessage] Error: Channel closing: too late to send/recv, messages will be lost

[GPU 88
###!!! [Child][MessageChannel::SendAndWait] Error: Channel error: cannot send/recv

68, Chr
###!!! [Child][MessageChannel::SendAndWait] Error: Channel error: cannot send/recv

rotocol/https/jquery/jquery-1.10.2.min_65682a2.js, line 52: Error: Syntax error, unrecognized expression: .c-container /deep/ .c-container
JavaScript error: https://ss1.bdstatic.com/5eN1bjq8AAUYm2zgoY3K/r/www/cache/static/protocol/https/jquery/jquery-1.10.2.min_65682a2.js, line 52: Error: Syntax error, unrecognized expression: .c-container /deep/ .c-container
JavaScript error: https://ss1.bdstatic.com/5eN1bjq8AAUYm2zgoY3K/r/www/cache/static/protocol/https/jquery/jquery-1.10.2.min_65682a2.js, line 52: Error: Syntax error, unrecognized expression: .c-container /deep/ .c-container
JavaScript error: https://ss1.bdstatic.com/5eN1bjq8AAUYm2zgoY3K/r/www/cache/static/protocol/https/jquery/jquery-1.10.2.min_65682a2.js, line 52: Error: Syntax error, unrecognized expression: .c-container /deep/ .c-container
JavaScript error: https://ss1.bdstatic.com/5eN1bjq8AAUYm2zgoY3K/r/www/cache/static/protocol/https/jquery/jquery-1.10.2.min_65682a2.js, line 52: Error: Syntax error, unrecognized expression: .c-container /deep/ .c-container
[Parent 24824, Gecko_IOThread] WARNING: pipe error: 109: file z:/build/build/src/ipc/chromium/src/chrome/common/ipc_channel_win.cc, line 332
[Parent 24824, Gecko_IOThread] WARNING: pipe error: 109: file z:/build/build/src/ipc/chromium/src/chrome/common/ipc_channel_win.cc, line 332
[Child 22672, Chrome_ChildThread] WARNING: pipe error: 109: file z[Chi:ld 7108, Chrome_ChildThread] WA/build/build/src/ipc/chrRNING: pipe error: 109: file z:om/build/build/src/ipcium/s/rc/chromechromium/src/comm/chroon/impe/c_chacommonn/niepc_l_win.cc, line 332chann
el_[Chwin.cc, line 332
1557825413736	Marionette	INFO	Stopped listening on port 58612

###!!! [Child][RunMessage] Error: Channel closing: too late to send/recv, messages will be lost

[GPU 2808, Chr
###!!! [Child][MessageChannel::SendAndWait] Error: Channel error: cannot send/recv

